<?xml version="1.0" encoding="UTF-8" standalone="yes"?><testsuite name="'Test' - device: Samsung_Galaxy_S9_free - test report id: 2" tests="2" failures="2" skipped="0" timestamp="2020-09-09T21:42:47.357Z" time="68.831" package="com.mux.stats.sdk.muxstats.automatedtests"><testcase name="testRebuffering" classname="com.mux.stats.sdk.muxstats.automatedtests.PlaybackTests" time="44.539"><failure>java.lang.AssertionError: Reported startup time and expected startup time do not match within 300 ms !!!&#13;
at org.junit.Assert.fail(Assert.java:88)&#13;
at com.mux.stats.sdk.muxstats.automatedtests.PlaybackTests.testRebuffering(MuxStatsPlaybackInstrumentationTestsBase.java:253)&#13;
at com.mux.stats.sdk.muxstats.automatedtests.PlaybackTests.testRebuffering(MuxStatsPlaybackInstrumentationTests.java:18)&#13;
at java.lang.reflect.Method.invoke(Native Method)&#13;
at org.junit.runners.model.FrameworkMethod$1.runReflectiveCall(FrameworkMethod.java:50)&#13;
at org.junit.internal.runners.model.ReflectiveCallable.run(ReflectiveCallable.java:12)&#13;
at org.junit.runners.model.FrameworkMethod.invokeExplosively(FrameworkMethod.java:47)&#13;
at org.junit.internal.runners.statements.InvokeMethod.evaluate(InvokeMethod.java:17)&#13;
at androidx.test.internal.runner.junit4.statement.RunBefores.evaluate(RunBefores.java:80)&#13;
at org.junit.runners.ParentRunner.runLeaf(ParentRunner.java:325)&#13;
at org.junit.runners.BlockJUnit4ClassRunner.runChild(BlockJUnit4ClassRunner.java:78)&#13;
at org.junit.runners.BlockJUnit4ClassRunner.runChild(BlockJUnit4ClassRunner.java:57)&#13;
at org.junit.runners.ParentRunner$3.run(ParentRunner.java:290)&#13;
at org.junit.runners.ParentRunner$1.schedule(ParentRunner.java:71)&#13;
at org.junit.runners.ParentRunner.runChildren(ParentRunner.java:288)&#13;
at org.junit.runners.ParentRunner.access$000(ParentRunner.java:58)&#13;
at org.junit.runners.ParentRunner$2.evaluate(ParentRunner.java:268)&#13;
at org.junit.runners.ParentRunner.run(ParentRunner.java:363)&#13;
at androidx.test.ext.junit.runners.AndroidJUnit4.run(AndroidJUnit4.java:104)&#13;
at org.junit.runners.Suite.runChild(Suite.java:128)&#13;
at org.junit.runners.Suite.runChild(Suite.java:27)&#13;
at org.junit.runners.ParentRunner$3.run(ParentRunner.java:290)&#13;
at org.junit.runners.ParentRunner$1.schedule(ParentRunner.java:71)&#13;
at org.junit.runners.ParentRunner.runChildren(ParentRunner.java:288)&#13;
at org.junit.runners.ParentRunner.access$000(ParentRunner.java:58)&#13;
at org.junit.runners.ParentRunner$2.evaluate(ParentRunner.java:268)&#13;
at org.junit.runners.ParentRunner.run(ParentRunner.java:363)&#13;
at org.junit.runner.JUnitCore.run(JUnitCore.java:137)&#13;
at org.junit.runner.JUnitCore.run(JUnitCore.java:115)&#13;
at androidx.test.internal.runner.TestExecutor.execute(TestExecutor.java:56)&#13;
at androidx.test.runner.AndroidJUnitRunner.onStart(AndroidJUnitRunner.java:392)&#13;
at android.app.Instrumentation$InstrumentationThread.run(Instrumentation.java:2156)&#13;
</failure></testcase><testcase name="testVodPlayback" classname="com.mux.stats.sdk.muxstats.automatedtests.PlaybackTests" time="0.025"><failure>java.lang.AssertionError&#13;
at org.junit.Assert.fail(Assert.java:86)&#13;
at org.junit.Assert.assertTrue(Assert.java:41)&#13;
at org.junit.Assert.assertTrue(Assert.java:52)&#13;
at com.mux.stats.sdk.muxstats.automatedtests.PlaybackTests.init(MuxStatsPlaybackInstrumentationTestsBase.java:84)&#13;
at java.lang.reflect.Method.invoke(Native Method)&#13;
at org.junit.runners.model.FrameworkMethod$1.runReflectiveCall(FrameworkMethod.java:50)&#13;
at org.junit.internal.runners.model.ReflectiveCallable.run(ReflectiveCallable.java:12)&#13;
at org.junit.runners.model.FrameworkMethod.invokeExplosively(FrameworkMethod.java:47)&#13;
at androidx.test.internal.runner.junit4.statement.RunBefores.evaluate(RunBefores.java:76)&#13;
at org.junit.runners.ParentRunner.runLeaf(ParentRunner.java:325)&#13;
at org.junit.runners.BlockJUnit4ClassRunner.runChild(BlockJUnit4ClassRunner.java:78)&#13;
at org.junit.runners.BlockJUnit4ClassRunner.runChild(BlockJUnit4ClassRunner.java:57)&#13;
at org.junit.runners.ParentRunner$3.run(ParentRunner.java:290)&#13;
at org.junit.runners.ParentRunner$1.schedule(ParentRunner.java:71)&#13;
at org.junit.runners.ParentRunner.runChildren(ParentRunner.java:288)&#13;
at org.junit.runners.ParentRunner.access$000(ParentRunner.java:58)&#13;
at org.junit.runners.ParentRunner$2.evaluate(ParentRunner.java:268)&#13;
at org.junit.runners.ParentRunner.run(ParentRunner.java:363)&#13;
at androidx.test.ext.junit.runners.AndroidJUnit4.run(AndroidJUnit4.java:104)&#13;
at org.junit.runners.Suite.runChild(Suite.java:128)&#13;
at org.junit.runners.Suite.runChild(Suite.java:27)&#13;
at org.junit.runners.ParentRunner$3.run(ParentRunner.java:290)&#13;
at org.junit.runners.ParentRunner$1.schedule(ParentRunner.java:71)&#13;
at org.junit.runners.ParentRunner.runChildren(ParentRunner.java:288)&#13;
at org.junit.runners.ParentRunner.access$000(ParentRunner.java:58)&#13;
at org.junit.runners.ParentRunner$2.evaluate(ParentRunner.java:268)&#13;
at org.junit.runners.ParentRunner.run(ParentRunner.java:363)&#13;
at org.junit.runner.JUnitCore.run(JUnitCore.java:137)&#13;
at org.junit.runner.JUnitCore.run(JUnitCore.java:115)&#13;
at androidx.test.internal.runner.TestExecutor.execute(TestExecutor.java:56)&#13;
at androidx.test.runner.AndroidJUnitRunner.onStart(AndroidJUnitRunner.java:392)&#13;
at android.app.Instrumentation$InstrumentationThread.run(Instrumentation.java:2156)&#13;
</failure></testcase></testsuite>